<?xml version="1.0" encoding="UTF-8" ?>
<testsuite failures="14" time="0.835" errors="0" skipped="0" tests="14" name="TestSuite">
  <properties>
[...]
</properties>
  <testcase time="0.382" classname="MyTest" name="test">
    <failure message="java.net.NoRouteToHostException: Network is unreachable
System info: os.name: &apos;Linux&apos;, os.arch: &apos;i386&apos;, os.version: &apos;2.6.35-28-generic-pae&apos;, java.version: &apos;1.6.0_20&apos;
Driver info: driver.version: RemoteWebDriver" type="org.openqa.selenium.WebDriverException">org.openqa.selenium.WebDriverException: java.net.NoRouteToHostException: Network is unreachable
System info: os.name: &apos;Linux&apos;, os.arch: &apos;i386&apos;, os.version: &apos;2.6.35-28-generic-pae&apos;, java.version: &apos;1.6.0_20&apos;
Driver info: driver.version: RemoteWebDriver
	at org.openqa.selenium.remote.RemoteWebDriver.execute(RemoteWebDriver.java:399)
	at org.openqa.selenium.remote.RemoteWebDriver.startSession(RemoteWebDriver.java:101)
	at org.openqa.selenium.remote.RemoteWebDriver.&lt;init&gt;(RemoteWebDriver.java:84)
	at org.openqa.selenium.remote.RemoteWebDriver.&lt;init&gt;(RemoteWebDriver.java:92)
	at MyTest.test(MyTest.java:19)
Caused by: java.net.NoRouteToHostException: Network is unreachable
	at java.net.PlainSocketImpl.socketConnect(Native Method)
	at java.net.AbstractPlainSocketImpl.doConnect(AbstractPlainSocketImpl.java:327)
	at java.net.AbstractPlainSocketImpl.connectToAddress(AbstractPlainSocketImpl.java:193)
	at java.net.AbstractPlainSocketImpl.connect(AbstractPlainSocketImpl.java:180)
	at java.net.SocksSocketImpl.connect(SocksSocketImpl.java:384)
	at java.net.Socket.connect(Socket.java:546)
	at org.openqa.selenium.remote.ReusingSocketSocketFactory.connectSocket(ReusingSocketSocketFactory.java:122)
	at org.apache.http.impl.conn.DefaultClientConnectionOperator.openConnection(DefaultClientConnectionOperator.java:133)
	at org.apache.http.impl.conn.AbstractPoolEntry.open(AbstractPoolEntry.java:149)
	at org.apache.http.impl.conn.AbstractPooledConnAdapter.open(AbstractPooledConnAdapter.java:108)
	at org.apache.http.impl.client.DefaultRequestDirector.execute(DefaultRequestDirector.java:415)
	at org.apache.http.impl.client.AbstractHttpClient.execute(AbstractHttpClient.java:641)
	at org.openqa.selenium.remote.HttpCommandExecutor.fallBackExecute(HttpCommandExecutor.java:272)
	at org.openqa.selenium.remote.HttpCommandExecutor.execute(HttpCommandExecutor.java:252)
	at org.openqa.selenium.remote.RemoteWebDriver.execute(RemoteWebDriver.java:382)
	... 18 more
</failure>
  </testcase>
  <testcase time="0.387" classname="MyTest" name="test">
    <failure message="java.net.NoRouteToHostException: Network is unreachable
System info: os.name: &apos;Linux&apos;, os.arch: &apos;i386&apos;, os.version: &apos;2.6.35-28-generic-pae&apos;, java.version: &apos;1.6.0_20&apos;
Driver info: driver.version: RemoteWebDriver" type="org.openqa.selenium.WebDriverException">org.openqa.selenium.WebDriverException: java.net.NoRouteToHostException: Network is unreachable
System info: os.name: &apos;Linux&apos;, os.arch: &apos;i386&apos;, os.version: &apos;2.6.35-28-generic-pae&apos;, java.version: &apos;1.6.0_20&apos;
Driver info: driver.version: RemoteWebDriver
	at org.openqa.selenium.remote.RemoteWebDriver.execute(RemoteWebDriver.java:399)
	at org.openqa.selenium.remote.RemoteWebDriver.startSession(RemoteWebDriver.java:101)
	at org.openqa.selenium.remote.RemoteWebDriver.&lt;init&gt;(RemoteWebDriver.java:84)
	at org.openqa.selenium.remote.RemoteWebDriver.&lt;init&gt;(RemoteWebDriver.java:92)
	at MyTest.test(MyTest.java:19)
Caused by: java.net.NoRouteToHostException: Network is unreachable
	at java.net.PlainSocketImpl.socketConnect(Native Method)
	at java.net.AbstractPlainSocketImpl.doConnect(AbstractPlainSocketImpl.java:327)
	at java.net.AbstractPlainSocketImpl.connectToAddress(AbstractPlainSocketImpl.java:193)
	at java.net.AbstractPlainSocketImpl.connect(AbstractPlainSocketImpl.java:180)
	at java.net.SocksSocketImpl.connect(SocksSocketImpl.java:384)
	at java.net.Socket.connect(Socket.java:546)
	at org.openqa.selenium.remote.ReusingSocketSocketFactory.connectSocket(ReusingSocketSocketFactory.java:122)
	at org.apache.http.impl.conn.DefaultClientConnectionOperator.openConnection(DefaultClientConnectionOperator.java:133)
	at org.apache.http.impl.conn.AbstractPoolEntry.open(AbstractPoolEntry.java:149)
	at org.apache.http.impl.conn.AbstractPooledConnAdapter.open(AbstractPooledConnAdapter.java:108)
	at org.apache.http.impl.client.DefaultRequestDirector.execute(DefaultRequestDirector.java:415)
	at org.apache.http.impl.client.AbstractHttpClient.execute(AbstractHttpClient.java:641)
	at org.openqa.selenium.remote.HttpCommandExecutor.fallBackExecute(HttpCommandExecutor.java:272)
	at org.openqa.selenium.remote.HttpCommandExecutor.execute(HttpCommandExecutor.java:252)
	at org.openqa.selenium.remote.RemoteWebDriver.execute(RemoteWebDriver.java:382)
	... 18 more
</failure>
  </testcase>
  <testcase time="0.389" classname="MyTest" name="test">
    <failure message="java.net.NoRouteToHostException: Network is unreachable
System info: os.name: &apos;Linux&apos;, os.arch: &apos;i386&apos;, os.version: &apos;2.6.35-28-generic-pae&apos;, java.version: &apos;1.6.0_20&apos;
Driver info: driver.version: RemoteWebDriver" type="org.openqa.selenium.WebDriverException">org.openqa.selenium.WebDriverException: java.net.NoRouteToHostException: Network is unreachable
System info: os.name: &apos;Linux&apos;, os.arch: &apos;i386&apos;, os.version: &apos;2.6.35-28-generic-pae&apos;, java.version: &apos;1.6.0_20&apos;
Driver info: driver.version: RemoteWebDriver
	at org.openqa.selenium.remote.RemoteWebDriver.execute(RemoteWebDriver.java:399)
	at org.openqa.selenium.remote.RemoteWebDriver.startSession(RemoteWebDriver.java:101)
	at org.openqa.selenium.remote.RemoteWebDriver.&lt;init&gt;(RemoteWebDriver.java:84)
	at org.openqa.selenium.remote.RemoteWebDriver.&lt;init&gt;(RemoteWebDriver.java:92)
	at MyTest.test(MyTest.java:19)
Caused by: java.net.NoRouteToHostException: Network is unreachable
	at java.net.PlainSocketImpl.socketConnect(Native Method)
	at java.net.AbstractPlainSocketImpl.doConnect(AbstractPlainSocketImpl.java:327)
	at java.net.AbstractPlainSocketImpl.connectToAddress(AbstractPlainSocketImpl.java:193)
	at java.net.AbstractPlainSocketImpl.connect(AbstractPlainSocketImpl.java:180)
	at java.net.SocksSocketImpl.connect(SocksSocketImpl.java:384)
	at java.net.Socket.connect(Socket.java:546)
	at org.openqa.selenium.remote.ReusingSocketSocketFactory.connectSocket(ReusingSocketSocketFactory.java:122)
	at org.apache.http.impl.conn.DefaultClientConnectionOperator.openConnection(DefaultClientConnectionOperator.java:133)
	at org.apache.http.impl.conn.AbstractPoolEntry.open(AbstractPoolEntry.java:149)
	at org.apache.http.impl.conn.AbstractPooledConnAdapter.open(AbstractPooledConnAdapter.java:108)
	at org.apache.http.impl.client.DefaultRequestDirector.execute(DefaultRequestDirector.java:415)
	at org.apache.http.impl.client.AbstractHttpClient.execute(AbstractHttpClient.java:641)
	at org.openqa.selenium.remote.HttpCommandExecutor.fallBackExecute(HttpCommandExecutor.java:272)
	at org.openqa.selenium.remote.HttpCommandExecutor.execute(HttpCommandExecutor.java:252)
	at org.openqa.selenium.remote.RemoteWebDriver.execute(RemoteWebDriver.java:382)
	... 18 more
</failure>
  </testcase>
  <testcase time="0.391" classname="MyTest" name="test">
    <failure message="java.net.NoRouteToHostException: Network is unreachable
System info: os.name: &apos;Linux&apos;, os.arch: &apos;i386&apos;, os.version: &apos;2.6.35-28-generic-pae&apos;, java.version: &apos;1.6.0_20&apos;
Driver info: driver.version: RemoteWebDriver" type="org.openqa.selenium.WebDriverException">org.openqa.selenium.WebDriverException: java.net.NoRouteToHostException: Network is unreachable
System info: os.name: &apos;Linux&apos;, os.arch: &apos;i386&apos;, os.version: &apos;2.6.35-28-generic-pae&apos;, java.version: &apos;1.6.0_20&apos;
Driver info: driver.version: RemoteWebDriver
	at org.openqa.selenium.remote.RemoteWebDriver.execute(RemoteWebDriver.java:399)
	at org.openqa.selenium.remote.RemoteWebDriver.startSession(RemoteWebDriver.java:101)
	at org.openqa.selenium.remote.RemoteWebDriver.&lt;init&gt;(RemoteWebDriver.java:84)
	at org.openqa.selenium.remote.RemoteWebDriver.&lt;init&gt;(RemoteWebDriver.java:92)
	at MyTest.test(MyTest.java:19)
Caused by: java.net.NoRouteToHostException: Network is unreachable
	at java.net.PlainSocketImpl.socketConnect(Native Method)
	at java.net.AbstractPlainSocketImpl.doConnect(AbstractPlainSocketImpl.java:327)
	at java.net.AbstractPlainSocketImpl.connectToAddress(AbstractPlainSocketImpl.java:193)
	at java.net.AbstractPlainSocketImpl.connect(AbstractPlainSocketImpl.java:180)
	at java.net.SocksSocketImpl.connect(SocksSocketImpl.java:384)
	at java.net.Socket.connect(Socket.java:546)
	at org.openqa.selenium.remote.ReusingSocketSocketFactory.connectSocket(ReusingSocketSocketFactory.java:122)
	at org.apache.http.impl.conn.DefaultClientConnectionOperator.openConnection(DefaultClientConnectionOperator.java:133)
	at org.apache.http.impl.conn.AbstractPoolEntry.open(AbstractPoolEntry.java:149)
	at org.apache.http.impl.conn.AbstractPooledConnAdapter.open(AbstractPooledConnAdapter.java:108)
	at org.apache.http.impl.client.DefaultRequestDirector.execute(DefaultRequestDirector.java:415)
	at org.apache.http.impl.client.AbstractHttpClient.execute(AbstractHttpClient.java:641)
	at org.openqa.selenium.remote.HttpCommandExecutor.fallBackExecute(HttpCommandExecutor.java:272)
	at org.openqa.selenium.remote.HttpCommandExecutor.execute(HttpCommandExecutor.java:252)
	at org.openqa.selenium.remote.RemoteWebDriver.execute(RemoteWebDriver.java:382)
	... 18 more
</failure>
  </testcase>
  <testcase time="0.393" classname="MyTest" name="test">
    <failure message="java.net.NoRouteToHostException: Network is unreachable
System info: os.name: &apos;Linux&apos;, os.arch: &apos;i386&apos;, os.version: &apos;2.6.35-28-generic-pae&apos;, java.version: &apos;1.6.0_20&apos;
Driver info: driver.version: RemoteWebDriver" type="org.openqa.selenium.WebDriverException">org.openqa.selenium.WebDriverException: java.net.NoRouteToHostException: Network is unreachable
System info: os.name: &apos;Linux&apos;, os.arch: &apos;i386&apos;, os.version: &apos;2.6.35-28-generic-pae&apos;, java.version: &apos;1.6.0_20&apos;
Driver info: driver.version: RemoteWebDriver
	at org.openqa.selenium.remote.RemoteWebDriver.execute(RemoteWebDriver.java:399)
	at org.openqa.selenium.remote.RemoteWebDriver.startSession(RemoteWebDriver.java:101)
	at org.openqa.selenium.remote.RemoteWebDriver.&lt;init&gt;(RemoteWebDriver.java:84)
	at org.openqa.selenium.remote.RemoteWebDriver.&lt;init&gt;(RemoteWebDriver.java:92)
	at MyTest.test(MyTest.java:19)
Caused by: java.net.NoRouteToHostException: Network is unreachable
	at java.net.PlainSocketImpl.socketConnect(Native Method)
	at java.net.AbstractPlainSocketImpl.doConnect(AbstractPlainSocketImpl.java:327)
	at java.net.AbstractPlainSocketImpl.connectToAddress(AbstractPlainSocketImpl.java:193)
	at java.net.AbstractPlainSocketImpl.connect(AbstractPlainSocketImpl.java:180)
	at java.net.SocksSocketImpl.connect(SocksSocketImpl.java:384)
	at java.net.Socket.connect(Socket.java:546)
	at org.openqa.selenium.remote.ReusingSocketSocketFactory.connectSocket(ReusingSocketSocketFactory.java:122)
	at org.apache.http.impl.conn.DefaultClientConnectionOperator.openConnection(DefaultClientConnectionOperator.java:133)
	at org.apache.http.impl.conn.AbstractPoolEntry.open(AbstractPoolEntry.java:149)
	at org.apache.http.impl.conn.AbstractPooledConnAdapter.open(AbstractPooledConnAdapter.java:108)
	at org.apache.http.impl.client.DefaultRequestDirector.execute(DefaultRequestDirector.java:415)
	at org.apache.http.impl.client.AbstractHttpClient.execute(AbstractHttpClient.java:641)
	at org.openqa.selenium.remote.HttpCommandExecutor.fallBackExecute(HttpCommandExecutor.java:272)
	at org.openqa.selenium.remote.HttpCommandExecutor.execute(HttpCommandExecutor.java:252)
	at org.openqa.selenium.remote.RemoteWebDriver.execute(RemoteWebDriver.java:382)
	... 18 more
</failure>
  </testcase>
  <testcase time="0.395" classname="MyTest" name="test">
    <failure message="java.net.NoRouteToHostException: Network is unreachable
System info: os.name: &apos;Linux&apos;, os.arch: &apos;i386&apos;, os.version: &apos;2.6.35-28-generic-pae&apos;, java.version: &apos;1.6.0_20&apos;
Driver info: driver.version: RemoteWebDriver" type="org.openqa.selenium.WebDriverException">org.openqa.selenium.WebDriverException: java.net.NoRouteToHostException: Network is unreachable
System info: os.name: &apos;Linux&apos;, os.arch: &apos;i386&apos;, os.version: &apos;2.6.35-28-generic-pae&apos;, java.version: &apos;1.6.0_20&apos;
Driver info: driver.version: RemoteWebDriver
	at org.openqa.selenium.remote.RemoteWebDriver.execute(RemoteWebDriver.java:399)
	at org.openqa.selenium.remote.RemoteWebDriver.startSession(RemoteWebDriver.java:101)
	at org.openqa.selenium.remote.RemoteWebDriver.&lt;init&gt;(RemoteWebDriver.java:84)
	at org.openqa.selenium.remote.RemoteWebDriver.&lt;init&gt;(RemoteWebDriver.java:92)
	at MyTest.test(MyTest.java:19)
Caused by: java.net.NoRouteToHostException: Network is unreachable
	at java.net.PlainSocketImpl.socketConnect(Native Method)
	at java.net.AbstractPlainSocketImpl.doConnect(AbstractPlainSocketImpl.java:327)
	at java.net.AbstractPlainSocketImpl.connectToAddress(AbstractPlainSocketImpl.java:193)
	at java.net.AbstractPlainSocketImpl.connect(AbstractPlainSocketImpl.java:180)
	at java.net.SocksSocketImpl.connect(SocksSocketImpl.java:384)
	at java.net.Socket.connect(Socket.java:546)
	at org.openqa.selenium.remote.ReusingSocketSocketFactory.connectSocket(ReusingSocketSocketFactory.java:122)
	at org.apache.http.impl.conn.DefaultClientConnectionOperator.openConnection(DefaultClientConnectionOperator.java:133)
	at org.apache.http.impl.conn.AbstractPoolEntry.open(AbstractPoolEntry.java:149)
	at org.apache.http.impl.conn.AbstractPooledConnAdapter.open(AbstractPooledConnAdapter.java:108)
	at org.apache.http.impl.client.DefaultRequestDirector.execute(DefaultRequestDirector.java:415)
	at org.apache.http.impl.client.AbstractHttpClient.execute(AbstractHttpClient.java:641)
	at org.openqa.selenium.remote.HttpCommandExecutor.fallBackExecute(HttpCommandExecutor.java:272)
	at org.openqa.selenium.remote.HttpCommandExecutor.execute(HttpCommandExecutor.java:252)
	at org.openqa.selenium.remote.RemoteWebDriver.execute(RemoteWebDriver.java:382)
	... 18 more
</failure>
  </testcase>
  <testcase time="0.397" classname="MyTest" name="test">
    <failure message="java.net.NoRouteToHostException: Network is unreachable
System info: os.name: &apos;Linux&apos;, os.arch: &apos;i386&apos;, os.version: &apos;2.6.35-28-generic-pae&apos;, java.version: &apos;1.6.0_20&apos;
Driver info: driver.version: RemoteWebDriver" type="org.openqa.selenium.WebDriverException">org.openqa.selenium.WebDriverException: java.net.NoRouteToHostException: Network is unreachable
System info: os.name: &apos;Linux&apos;, os.arch: &apos;i386&apos;, os.version: &apos;2.6.35-28-generic-pae&apos;, java.version: &apos;1.6.0_20&apos;
Driver info: driver.version: RemoteWebDriver
	at org.openqa.selenium.remote.RemoteWebDriver.execute(RemoteWebDriver.java:399)
	at org.openqa.selenium.remote.RemoteWebDriver.startSession(RemoteWebDriver.java:101)
	at org.openqa.selenium.remote.RemoteWebDriver.&lt;init&gt;(RemoteWebDriver.java:84)
	at org.openqa.selenium.remote.RemoteWebDriver.&lt;init&gt;(RemoteWebDriver.java:92)
	at MyTest.test(MyTest.java:19)
Caused by: java.net.NoRouteToHostException: Network is unreachable
	at java.net.PlainSocketImpl.socketConnect(Native Method)
	at java.net.AbstractPlainSocketImpl.doConnect(AbstractPlainSocketImpl.java:327)
	at java.net.AbstractPlainSocketImpl.connectToAddress(AbstractPlainSocketImpl.java:193)
	at java.net.AbstractPlainSocketImpl.connect(AbstractPlainSocketImpl.java:180)
	at java.net.SocksSocketImpl.connect(SocksSocketImpl.java:384)
	at java.net.Socket.connect(Socket.java:546)
	at org.openqa.selenium.remote.ReusingSocketSocketFactory.connectSocket(ReusingSocketSocketFactory.java:122)
	at org.apache.http.impl.conn.DefaultClientConnectionOperator.openConnection(DefaultClientConnectionOperator.java:133)
	at org.apache.http.impl.conn.AbstractPoolEntry.open(AbstractPoolEntry.java:149)
	at org.apache.http.impl.conn.AbstractPooledConnAdapter.open(AbstractPooledConnAdapter.java:108)
	at org.apache.http.impl.client.DefaultRequestDirector.execute(DefaultRequestDirector.java:415)
	at org.apache.http.impl.client.AbstractHttpClient.execute(AbstractHttpClient.java:641)
	at org.openqa.selenium.remote.HttpCommandExecutor.fallBackExecute(HttpCommandExecutor.java:272)
	at org.openqa.selenium.remote.HttpCommandExecutor.execute(HttpCommandExecutor.java:252)
	at org.openqa.selenium.remote.RemoteWebDriver.execute(RemoteWebDriver.java:382)
	... 18 more
</failure>
  </testcase>
  <testcase time="0.399" classname="MyTest" name="test">
    <failure message="java.net.NoRouteToHostException: Network is unreachable
System info: os.name: &apos;Linux&apos;, os.arch: &apos;i386&apos;, os.version: &apos;2.6.35-28-generic-pae&apos;, java.version: &apos;1.6.0_20&apos;
Driver info: driver.version: RemoteWebDriver" type="org.openqa.selenium.WebDriverException">org.openqa.selenium.WebDriverException: java.net.NoRouteToHostException: Network is unreachable
System info: os.name: &apos;Linux&apos;, os.arch: &apos;i386&apos;, os.version: &apos;2.6.35-28-generic-pae&apos;, java.version: &apos;1.6.0_20&apos;
Driver info: driver.version: RemoteWebDriver
	at org.openqa.selenium.remote.RemoteWebDriver.execute(RemoteWebDriver.java:399)
	at org.openqa.selenium.remote.RemoteWebDriver.startSession(RemoteWebDriver.java:101)
	at org.openqa.selenium.remote.RemoteWebDriver.&lt;init&gt;(RemoteWebDriver.java:84)
	at org.openqa.selenium.remote.RemoteWebDriver.&lt;init&gt;(RemoteWebDriver.java:92)
	at MyTest.test(MyTest.java:19)
Caused by: java.net.NoRouteToHostException: Network is unreachable
	at java.net.PlainSocketImpl.socketConnect(Native Method)
	at java.net.AbstractPlainSocketImpl.doConnect(AbstractPlainSocketImpl.java:327)
	at java.net.AbstractPlainSocketImpl.connectToAddress(AbstractPlainSocketImpl.java:193)
	at java.net.AbstractPlainSocketImpl.connect(AbstractPlainSocketImpl.java:180)
	at java.net.SocksSocketImpl.connect(SocksSocketImpl.java:384)
	at java.net.Socket.connect(Socket.java:546)
	at org.openqa.selenium.remote.ReusingSocketSocketFactory.connectSocket(ReusingSocketSocketFactory.java:122)
	at org.apache.http.impl.conn.DefaultClientConnectionOperator.openConnection(DefaultClientConnectionOperator.java:133)
	at org.apache.http.impl.conn.AbstractPoolEntry.open(AbstractPoolEntry.java:149)
	at org.apache.http.impl.conn.AbstractPooledConnAdapter.open(AbstractPooledConnAdapter.java:108)
	at org.apache.http.impl.client.DefaultRequestDirector.execute(DefaultRequestDirector.java:415)
	at org.apache.http.impl.client.AbstractHttpClient.execute(AbstractHttpClient.java:641)
	at org.openqa.selenium.remote.HttpCommandExecutor.fallBackExecute(HttpCommandExecutor.java:272)
	at org.openqa.selenium.remote.HttpCommandExecutor.execute(HttpCommandExecutor.java:252)
	at org.openqa.selenium.remote.RemoteWebDriver.execute(RemoteWebDriver.java:382)
	... 18 more
</failure>
  </testcase>
  <testcase time="0.401" classname="MyTest" name="test">
    <failure message="java.net.NoRouteToHostException: Network is unreachable
System info: os.name: &apos;Linux&apos;, os.arch: &apos;i386&apos;, os.version: &apos;2.6.35-28-generic-pae&apos;, java.version: &apos;1.6.0_20&apos;
Driver info: driver.version: RemoteWebDriver" type="org.openqa.selenium.WebDriverException">org.openqa.selenium.WebDriverException: java.net.NoRouteToHostException: Network is unreachable
System info: os.name: &apos;Linux&apos;, os.arch: &apos;i386&apos;, os.version: &apos;2.6.35-28-generic-pae&apos;, java.version: &apos;1.6.0_20&apos;
Driver info: driver.version: RemoteWebDriver
	at org.openqa.selenium.remote.RemoteWebDriver.execute(RemoteWebDriver.java:399)
	at org.openqa.selenium.remote.RemoteWebDriver.startSession(RemoteWebDriver.java:101)
	at org.openqa.selenium.remote.RemoteWebDriver.&lt;init&gt;(RemoteWebDriver.java:84)
	at org.openqa.selenium.remote.RemoteWebDriver.&lt;init&gt;(RemoteWebDriver.java:92)
	at MyTest.test(MyTest.java:19)
Caused by: java.net.NoRouteToHostException: Network is unreachable
	at java.net.PlainSocketImpl.socketConnect(Native Method)
	at java.net.AbstractPlainSocketImpl.doConnect(AbstractPlainSocketImpl.java:327)
	at java.net.AbstractPlainSocketImpl.connectToAddress(AbstractPlainSocketImpl.java:193)
	at java.net.AbstractPlainSocketImpl.connect(AbstractPlainSocketImpl.java:180)
	at java.net.SocksSocketImpl.connect(SocksSocketImpl.java:384)
	at java.net.Socket.connect(Socket.java:546)
	at org.openqa.selenium.remote.ReusingSocketSocketFactory.connectSocket(ReusingSocketSocketFactory.java:122)
	at org.apache.http.impl.conn.DefaultClientConnectionOperator.openConnection(DefaultClientConnectionOperator.java:133)
	at org.apache.http.impl.conn.AbstractPoolEntry.open(AbstractPoolEntry.java:149)
	at org.apache.http.impl.conn.AbstractPooledConnAdapter.open(AbstractPooledConnAdapter.java:108)
	at org.apache.http.impl.client.DefaultRequestDirector.execute(DefaultRequestDirector.java:415)
	at org.apache.http.impl.client.AbstractHttpClient.execute(AbstractHttpClient.java:641)
	at org.openqa.selenium.remote.HttpCommandExecutor.fallBackExecute(HttpCommandExecutor.java:272)
	at org.openqa.selenium.remote.HttpCommandExecutor.execute(HttpCommandExecutor.java:252)
	at org.openqa.selenium.remote.RemoteWebDriver.execute(RemoteWebDriver.java:382)
	... 18 more
</failure>
  </testcase>
  <testcase time="0.403" classname="MyTest" name="test">
    <failure message="java.net.NoRouteToHostException: Network is unreachable
System info: os.name: &apos;Linux&apos;, os.arch: &apos;i386&apos;, os.version: &apos;2.6.35-28-generic-pae&apos;, java.version: &apos;1.6.0_20&apos;
Driver info: driver.version: RemoteWebDriver" type="org.openqa.selenium.WebDriverException">org.openqa.selenium.WebDriverException: java.net.NoRouteToHostException: Network is unreachable
System info: os.name: &apos;Linux&apos;, os.arch: &apos;i386&apos;, os.version: &apos;2.6.35-28-generic-pae&apos;, java.version: &apos;1.6.0_20&apos;
Driver info: driver.version: RemoteWebDriver
	at org.openqa.selenium.remote.RemoteWebDriver.execute(RemoteWebDriver.java:399)
	at org.openqa.selenium.remote.RemoteWebDriver.startSession(RemoteWebDriver.java:101)
	at org.openqa.selenium.remote.RemoteWebDriver.&lt;init&gt;(RemoteWebDriver.java:84)
	at org.openqa.selenium.remote.RemoteWebDriver.&lt;init&gt;(RemoteWebDriver.java:92)
	at MyTest.test(MyTest.java:19)
Caused by: java.net.NoRouteToHostException: Network is unreachable
	at java.net.PlainSocketImpl.socketConnect(Native Method)
	at java.net.AbstractPlainSocketImpl.doConnect(AbstractPlainSocketImpl.java:327)
	at java.net.AbstractPlainSocketImpl.connectToAddress(AbstractPlainSocketImpl.java:193)
	at java.net.AbstractPlainSocketImpl.connect(AbstractPlainSocketImpl.java:180)
	at java.net.SocksSocketImpl.connect(SocksSocketImpl.java:384)
	at java.net.Socket.connect(Socket.java:546)
	at org.openqa.selenium.remote.ReusingSocketSocketFactory.connectSocket(ReusingSocketSocketFactory.java:122)
	at org.apache.http.impl.conn.DefaultClientConnectionOperator.openConnection(DefaultClientConnectionOperator.java:133)
	at org.apache.http.impl.conn.AbstractPoolEntry.open(AbstractPoolEntry.java:149)
	at org.apache.http.impl.conn.AbstractPooledConnAdapter.open(AbstractPooledConnAdapter.java:108)
	at org.apache.http.impl.client.DefaultRequestDirector.execute(DefaultRequestDirector.java:415)
	at org.apache.http.impl.client.AbstractHttpClient.execute(AbstractHttpClient.java:641)
	at org.openqa.selenium.remote.HttpCommandExecutor.fallBackExecute(HttpCommandExecutor.java:272)
	at org.openqa.selenium.remote.HttpCommandExecutor.execute(HttpCommandExecutor.java:252)
	at org.openqa.selenium.remote.RemoteWebDriver.execute(RemoteWebDriver.java:382)
	... 18 more
</failure>
  </testcase>
  <testcase time="0.001" classname="MyTest" name="testUnknownUser">
    <failure message="java.net.NoRouteToHostException: Network is unreachable
System info: os.name: &apos;Linux&apos;, os.arch: &apos;i386&apos;, os.version: &apos;2.6.35-28-generic-pae&apos;, java.version: &apos;1.6.0_20&apos;
Driver info: driver.version: RemoteWebDriver" type="org.openqa.selenium.WebDriverException">org.openqa.selenium.WebDriverException: java.net.NoRouteToHostException: Network is unreachable
System info: os.name: &apos;Linux&apos;, os.arch: &apos;i386&apos;, os.version: &apos;2.6.35-28-generic-pae&apos;, java.version: &apos;1.6.0_20&apos;
Driver info: driver.version: RemoteWebDriver
	at org.openqa.selenium.remote.RemoteWebDriver.execute(RemoteWebDriver.java:399)
	at org.openqa.selenium.remote.RemoteWebDriver.startSession(RemoteWebDriver.java:101)
	at org.openqa.selenium.remote.RemoteWebDriver.&lt;init&gt;(RemoteWebDriver.java:84)
	at org.openqa.selenium.remote.RemoteWebDriver.&lt;init&gt;(RemoteWebDriver.java:92)
	at MyTest.testUnknownUser(MyTest.java:28)
Caused by: java.net.NoRouteToHostException: Network is unreachable
	at java.net.PlainSocketImpl.socketConnect(Native Method)
	at java.net.AbstractPlainSocketImpl.doConnect(AbstractPlainSocketImpl.java:327)
	at java.net.AbstractPlainSocketImpl.connectToAddress(AbstractPlainSocketImpl.java:193)
	at java.net.AbstractPlainSocketImpl.connect(AbstractPlainSocketImpl.java:180)
	at java.net.SocksSocketImpl.connect(SocksSocketImpl.java:384)
	at java.net.Socket.connect(Socket.java:546)
	at org.openqa.selenium.remote.ReusingSocketSocketFactory.connectSocket(ReusingSocketSocketFactory.java:122)
	at org.apache.http.impl.conn.DefaultClientConnectionOperator.openConnection(DefaultClientConnectionOperator.java:133)
	at org.apache.http.impl.conn.AbstractPoolEntry.open(AbstractPoolEntry.java:149)
	at org.apache.http.impl.conn.AbstractPooledConnAdapter.open(AbstractPooledConnAdapter.java:108)
	at org.apache.http.impl.client.DefaultRequestDirector.execute(DefaultRequestDirector.java:415)
	at org.apache.http.impl.client.AbstractHttpClient.execute(AbstractHttpClient.java:641)
	at org.openqa.selenium.remote.HttpCommandExecutor.fallBackExecute(HttpCommandExecutor.java:272)
	at org.openqa.selenium.remote.HttpCommandExecutor.execute(HttpCommandExecutor.java:252)
	at org.openqa.selenium.remote.RemoteWebDriver.execute(RemoteWebDriver.java:382)
	... 35 more
</failure>
  </testcase>
  <testcase time="0.002" classname="MyTest" name="testWillTimeOut">
    <failure message="java.net.NoRouteToHostException: Network is unreachable
System info: os.name: &apos;Linux&apos;, os.arch: &apos;i386&apos;, os.version: &apos;2.6.35-28-generic-pae&apos;, java.version: &apos;1.6.0_20&apos;
Driver info: driver.version: RemoteWebDriver" type="org.openqa.selenium.WebDriverException">org.openqa.selenium.WebDriverException: java.net.NoRouteToHostException: Network is unreachable
System info: os.name: &apos;Linux&apos;, os.arch: &apos;i386&apos;, os.version: &apos;2.6.35-28-generic-pae&apos;, java.version: &apos;1.6.0_20&apos;
Driver info: driver.version: RemoteWebDriver
	at org.openqa.selenium.remote.RemoteWebDriver.execute(RemoteWebDriver.java:399)
	at org.openqa.selenium.remote.RemoteWebDriver.startSession(RemoteWebDriver.java:101)
	at org.openqa.selenium.remote.RemoteWebDriver.&lt;init&gt;(RemoteWebDriver.java:84)
	at org.openqa.selenium.remote.RemoteWebDriver.&lt;init&gt;(RemoteWebDriver.java:92)
	at MyTest.testWillTimeOut(MyTest.java:39)
Caused by: java.net.NoRouteToHostException: Network is unreachable
	at java.net.PlainSocketImpl.socketConnect(Native Method)
	at java.net.AbstractPlainSocketImpl.doConnect(AbstractPlainSocketImpl.java:327)
	at java.net.AbstractPlainSocketImpl.connectToAddress(AbstractPlainSocketImpl.java:193)
	at java.net.AbstractPlainSocketImpl.connect(AbstractPlainSocketImpl.java:180)
	at java.net.SocksSocketImpl.connect(SocksSocketImpl.java:384)
	at java.net.Socket.connect(Socket.java:546)
	at org.openqa.selenium.remote.ReusingSocketSocketFactory.connectSocket(ReusingSocketSocketFactory.java:122)
	at org.apache.http.impl.conn.DefaultClientConnectionOperator.openConnection(DefaultClientConnectionOperator.java:133)
	at org.apache.http.impl.conn.AbstractPoolEntry.open(AbstractPoolEntry.java:149)
	at org.apache.http.impl.conn.AbstractPooledConnAdapter.open(AbstractPooledConnAdapter.java:108)
	at org.apache.http.impl.client.DefaultRequestDirector.execute(DefaultRequestDirector.java:415)
	at org.apache.http.impl.client.AbstractHttpClient.execute(AbstractHttpClient.java:641)
	at org.openqa.selenium.remote.HttpCommandExecutor.fallBackExecute(HttpCommandExecutor.java:272)
	at org.openqa.selenium.remote.HttpCommandExecutor.execute(HttpCommandExecutor.java:252)
	at org.openqa.selenium.remote.RemoteWebDriver.execute(RemoteWebDriver.java:382)
	... 35 more
</failure>
  </testcase>
  <testcase time="0.005" classname="MyTest" name="testWillTimeOutff4">
    <failure message="java.net.NoRouteToHostException: Network is unreachable
System info: os.name: &apos;Linux&apos;, os.arch: &apos;i386&apos;, os.version: &apos;2.6.35-28-generic-pae&apos;, java.version: &apos;1.6.0_20&apos;
Driver info: driver.version: RemoteWebDriver" type="org.openqa.selenium.WebDriverException">org.openqa.selenium.WebDriverException: java.net.NoRouteToHostException: Network is unreachable
System info: os.name: &apos;Linux&apos;, os.arch: &apos;i386&apos;, os.version: &apos;2.6.35-28-generic-pae&apos;, java.version: &apos;1.6.0_20&apos;
Driver info: driver.version: RemoteWebDriver
	at org.openqa.selenium.remote.RemoteWebDriver.execute(RemoteWebDriver.java:399)
	at org.openqa.selenium.remote.RemoteWebDriver.startSession(RemoteWebDriver.java:101)
	at org.openqa.selenium.remote.RemoteWebDriver.&lt;init&gt;(RemoteWebDriver.java:84)
	at org.openqa.selenium.remote.RemoteWebDriver.&lt;init&gt;(RemoteWebDriver.java:92)
	at MyTest.testWillTimeOutff4(MyTest.java:49)
Caused by: java.net.NoRouteToHostException: Network is unreachable
	at java.net.PlainSocketImpl.socketConnect(Native Method)
	at java.net.AbstractPlainSocketImpl.doConnect(AbstractPlainSocketImpl.java:327)
	at java.net.AbstractPlainSocketImpl.connectToAddress(AbstractPlainSocketImpl.java:193)
	at java.net.AbstractPlainSocketImpl.connect(AbstractPlainSocketImpl.java:180)
	at java.net.SocksSocketImpl.connect(SocksSocketImpl.java:384)
	at java.net.Socket.connect(Socket.java:546)
	at org.openqa.selenium.remote.ReusingSocketSocketFactory.connectSocket(ReusingSocketSocketFactory.java:122)
	at org.apache.http.impl.conn.DefaultClientConnectionOperator.openConnection(DefaultClientConnectionOperator.java:133)
	at org.apache.http.impl.conn.AbstractPoolEntry.open(AbstractPoolEntry.java:149)
	at org.apache.http.impl.conn.AbstractPooledConnAdapter.open(AbstractPooledConnAdapter.java:108)
	at org.apache.http.impl.client.DefaultRequestDirector.execute(DefaultRequestDirector.java:415)
	at org.apache.http.impl.client.AbstractHttpClient.execute(AbstractHttpClient.java:641)
	at org.openqa.selenium.remote.HttpCommandExecutor.fallBackExecute(HttpCommandExecutor.java:272)
	at org.openqa.selenium.remote.HttpCommandExecutor.execute(HttpCommandExecutor.java:252)
	at org.openqa.selenium.remote.RemoteWebDriver.execute(RemoteWebDriver.java:382)
	... 35 more
</failure>
  </testcase>
  <testcase time="0.001" classname="MyTest" name="testWillTimeOutff4">
    <failure message="java.net.NoRouteToHostException: Network is unreachable
System info: os.name: &apos;Linux&apos;, os.arch: &apos;i386&apos;, os.version: &apos;2.6.35-28-generic-pae&apos;, java.version: &apos;1.6.0_20&apos;
Driver info: driver.version: RemoteWebDriver" type="org.openqa.selenium.WebDriverException">org.openqa.selenium.WebDriverException: java.net.NoRouteToHostException: Network is unreachable
System info: os.name: &apos;Linux&apos;, os.arch: &apos;i386&apos;, os.version: &apos;2.6.35-28-generic-pae&apos;, java.version: &apos;1.6.0_20&apos;
Driver info: driver.version: RemoteWebDriver
	at org.openqa.selenium.remote.RemoteWebDriver.execute(RemoteWebDriver.java:399)
	at org.openqa.selenium.remote.RemoteWebDriver.startSession(RemoteWebDriver.java:101)
	at org.openqa.selenium.remote.RemoteWebDriver.&lt;init&gt;(RemoteWebDriver.java:84)
	at org.openqa.selenium.remote.RemoteWebDriver.&lt;init&gt;(RemoteWebDriver.java:92)
	at MyTest.testWillTimeOutff4(MyTest.java:49)
Caused by: java.net.NoRouteToHostException: Network is unreachable
	at java.net.PlainSocketImpl.socketConnect(Native Method)
	at java.net.AbstractPlainSocketImpl.doConnect(AbstractPlainSocketImpl.java:327)
	at java.net.AbstractPlainSocketImpl.connectToAddress(AbstractPlainSocketImpl.java:193)
	at java.net.AbstractPlainSocketImpl.connect(AbstractPlainSocketImpl.java:180)
	at java.net.SocksSocketImpl.connect(SocksSocketImpl.java:384)
	at java.net.Socket.connect(Socket.java:546)
	at org.openqa.selenium.remote.ReusingSocketSocketFactory.connectSocket(ReusingSocketSocketFactory.java:122)
	at org.apache.http.impl.conn.DefaultClientConnectionOperator.openConnection(DefaultClientConnectionOperator.java:133)
	at org.apache.http.impl.conn.AbstractPoolEntry.open(AbstractPoolEntry.java:149)
	at org.apache.http.impl.conn.AbstractPooledConnAdapter.open(AbstractPooledConnAdapter.java:108)
	at org.apache.http.impl.client.DefaultRequestDirector.execute(DefaultRequestDirector.java:415)
	at org.apache.http.impl.client.AbstractHttpClient.execute(AbstractHttpClient.java:641)
	at org.openqa.selenium.remote.HttpCommandExecutor.fallBackExecute(HttpCommandExecutor.java:272)
	at org.openqa.selenium.remote.HttpCommandExecutor.execute(HttpCommandExecutor.java:252)
	at org.openqa.selenium.remote.RemoteWebDriver.execute(RemoteWebDriver.java:382)
	... 35 more
</failure>
  </testcase>
</testsuite>