<?xml version="1.0" encoding="UTF-8"?>
<testng-results skipped="1" failed="1" total="3" passed="1">
  <reporter-output>
  </reporter-output>
  <suite name="Default suite" duration-ms="15" started-at="2011-06-08T14:22:38Z" finished-at="2011-06-08T14:22:38Z">
    <groups>
    </groups>
    <test name="Default test" duration-ms="15" started-at="2011-06-08T14:22:38Z" finished-at="2011-06-08T14:22:38Z">
      <class name="org.openqa.demo.testNG">
        <test-method status="PASS" signature="m2(java.lang.String, boolean)" name="m2" duration-ms="6" started-at="2011-06-08T14:22:38Z" finished-at="2011-06-08T14:22:38Z">
          <params>
            <param index="0">
              <value>
                <![CDATA[passed]]>
              </value>
            </param>
            <param index="1">
              <value>
                <![CDATA[true]]>
              </value>
            </param>
          </params>
        </test-method>
        <test-method status="FAIL" signature="m2(java.lang.String, boolean)" name="m2" duration-ms="0" started-at="2011-06-08T14:22:38Z" finished-at="2011-06-08T14:22:38Z">
          <params>
            <param index="0">
              <value>
                <![CDATA[failed]]>
              </value>
            </param>
            <param index="1">
              <value>
                <![CDATA[false]]>
              </value>
            </param>
          </params>
          <exception class="java.lang.RuntimeException">
            <message>
              <![CDATA[horrible bug]]>
            </message>
            <full-stacktrace>
              <![CDATA[java.lang.RuntimeException: horrible bug
	at org.openqa.demo.testNG.m2(testNG.java:19)
	at sun.reflect.NativeMethodAccessorImpl.invoke0(Native Method)
	at sun.reflect.NativeMethodAccessorImpl.invoke(NativeMethodAccessorImpl.java:57)
	at sun.reflect.DelegatingMethodAccessorImpl.invoke(DelegatingMethodAccessorImpl.java:43)
	at java.lang.reflect.Method.invoke(Method.java:616)
	at org.testng.internal.MethodInvocationHelper.invokeMethod(MethodInvocationHelper.java:81)
	at org.testng.internal.Invoker.invokeMethod(Invoker.java:673)
	at org.testng.internal.Invoker.invokeTestMethod(Invoker.java:842)
	at org.testng.internal.Invoker.invokeTestMethods(Invoker.java:1166)
	at org.testng.internal.TestMethodWorker.invokeTestMethods(TestMethodWorker.java:125)
	at org.testng.internal.TestMethodWorker.run(TestMethodWorker.java:109)
	at org.testng.TestRunner.runWorkers(TestRunner.java:1167)
	at org.testng.TestRunner.privateRun(TestRunner.java:752)
	at org.testng.TestRunner.run(TestRunner.java:603)
	at org.testng.SuiteRunner.runTest(SuiteRunner.java:329)
	at org.testng.SuiteRunner.runSequentially(SuiteRunner.java:324)
	at org.testng.SuiteRunner.privateRun(SuiteRunner.java:286)
	at org.testng.SuiteRunner.run(SuiteRunner.java:235)
	at org.testng.SuiteRunnerWorker.runSuite(SuiteRunnerWorker.java:52)
	at org.testng.SuiteRunnerWorker.run(SuiteRunnerWorker.java:86)
	at org.testng.TestNG.runSuitesSequentially(TestNG.java:1049)
	at org.testng.TestNG.runSuitesLocally(TestNG.java:974)
	at org.testng.TestNG.run(TestNG.java:905)
	at org.testng.TestNG.privateMain(TestNG.java:1192)
	at org.testng.TestNG.main(TestNG.java:1156)
]]>
            </full-stacktrace>
          </exception>
        </test-method>
        <test-method status="SKIP" signature="m3(java.lang.String, boolean)" name="m3" duration-ms="1" started-at="2011-06-08T14:22:38Z" depends-on-methods="org.openqa.demo.testNG.m2" finished-at="2011-06-08T14:22:38Z">
        </test-method>
      </class>
    </test>
  </suite>
</testng-results>
