<?xml version="1.0" encoding="UTF-8"?>
<testng-results skipped="0" failed="0" total="1" passed="1">
  <reporter-output>
  </reporter-output>
  <suite name="Default suite" duration-ms="4024" started-at="2011-06-07T11:37:12Z" finished-at="2011-06-07T11:37:16Z">
    <groups>
    </groups>
    <test name="Default test" duration-ms="4024" started-at="2011-06-07T11:37:12Z" finished-at="2011-06-07T11:37:16Z">
      <class name="org.openqa.demo.nodes.service.WebDriverValidationService">
        <test-method status="PASS" signature="test()" name="test" duration-ms="4015" started-at="2011-06-07T11:37:12Z" finished-at="2011-06-07T11:37:16Z">
        </test-method>
      </class>
    </test>
  </suite>
</testng-results>
